<?xml version="1.0" encoding="UTF-8"?>
<testng-results ignored="0" total="1" passed="1" failed="0" skipped="0">
  <reporter-output>
  </reporter-output>
  <suite started-at="2024-08-09T08:41:31 IST" name="Default suite" finished-at="2024-08-09T08:41:31 IST" duration-ms="223">
    <groups>
    </groups>
    <test started-at="2024-08-09T08:41:31 IST" name="Default test" finished-at="2024-08-09T08:41:31 IST" duration-ms="223">
      <class name="JDBC_Connection.DataFetchingFromYAMLFile">
        <test-method signature="dataFetchedFromYAMLFile()[pri:0, instance:JDBC_Connection.DataFetchingFromYAMLFile@3527942a]" started-at="2024-08-09T08:41:31 IST" name="dataFetchedFromYAMLFile" finished-at="2024-08-09T08:41:31 IST" duration-ms="164" status="PASS">
          <reporter-output>
          </reporter-output>
        </test-method> <!-- dataFetchedFromYAMLFile -->
      </class> <!-- JDBC_Connection.DataFetchingFromYAMLFile -->
    </test> <!-- Default test -->
  </suite> <!-- Default suite -->
</testng-results>
